{"level":"info","message":"Initializing browser...","service":"user-service","session":"bot","type":"browser"}
{"level":"info","message":"Initializing...","service":"user-service","session":"bot","type":"client"}
{"level":"info","message":"WhatsApp WEB version: 2.2138.13","service":"user-service","session":"bot","type":"client"}
{"level":"info","message":"Auto close configured to 60s","service":"user-service","session":"bot","type":"client"}
{"level":"info","message":"Auto close configured to 60s","service":"user-service","session":"bot","type":"client"}
{"level":"info","message":"Initializing browser...","service":"user-service","session":"bot","type":"browser"}
{"level":"info","message":"Initializing...","service":"user-service","session":"bot","type":"client"}
{"level":"info","message":"Auto close configured to 60s","service":"user-service","session":"bot","type":"client"}
{"code":"1@zekYpbjZXTP30HTFdE41+WDuZ1aUrtkUZowBGTf66HIKhE8CcyzQ9xhbh7w65GUVA6VwWJnl5kpe+w==,ZYysPTsvCzFWGPo3fwIsCLW9OjVaaFTvuJ+XQ7kdfWs=,tyU09Z0RtJXz442Wt6qpTg==","level":"info","message":"Waiting for QRCode Scan (Attempt 1)...:\n▄▄▄▄▄▄▄▄▄▄▄▄▄▄▄▄▄▄▄▄▄▄▄▄▄▄▄▄▄▄▄▄▄▄▄▄▄▄▄▄▄▄▄▄▄▄▄\n█ ▄▄▄▄▄ █▀▀█ ▄ ▄▀▀▄ ▄██▄▀ ▄▀▄█  ▄███▀▄█ ▄▄▄▄▄ █\n█ █   █ █▀██▄ ▀▄██▀▀█▀ ▀█▄▀  ▄▀▀▄▄▄█ ▀█ █   █ █\n█ █▄▄▄█ █▀ █▄▄▄▄▀▀█▀▄ ▄▄▄  █  ▄  ▄▄▄▄▄█ █▄▄▄█ █\n█▄▄▄▄▄▄▄█▄█ ▀ ▀▄█▄█▄█ █▄█ ▀▄█▄▀ █ █▄▀ █▄▄▄▄▄▄▄█\n█ ▄   ▀▄▄▄ ▄▄█ ▀▀▄ ▄█  ▄ ▄█▄█▀   █▄█▀▀ █ █ █▄▀█\n█▄ ▄█▄ ▄▄▄█    ▀▄██▀▄▄█▄▀▄▄ ▀█ █▀█ █▀▀ █▄▄▄ ▄▀█\n███▄█▄▄▄▄▀█▀ ▄ █▀▄▀▄█ ▄ ▀▄▀███ ▀▄█▄█▀ ▀█▀█ ▀▀ █\n██ ▀ ▀ ▄▀ ██▀ ██▀█▄ ▀▄▄█▀  █▀██▀  ▄▄ ▀ ▄▄█  ▀▀█\n█▄██ ▀█▄▄█▀▄ ▄ ██▄▄ █▀▀▄ ▄█▄▀▀▀▀█▀▀█▀ ▀█▀▀▀█ ▀█\n█  ▄▀ ▀▄▄█▄█▄▄ ▀█▄ ▄ ██▄ ▄▄▄▄▀▄██▄█ ▀ ▄█▄▄▄ ▄██\n█▀▄▀  ▄▄▄ ▄▀▄█▄█▄█ ▄▄ ▄▄▄ ▄█▀▀▀▀ ▀▀▄▄ ▄▄▄ ██▀▀█\n█▀▄▄▄ █▄█ ██▀▀▄█▄▄██▀ █▄█  ▄▀█  ▀██▄▄ █▄█  ▀ ▀█\n█▄ ▄█▄▄▄▄▄ █▄ ▄▀██    ▄   ▀▄█▀▀  █ █▀▄  ▄▄ ▄█▄█\n█▀  ▄█ ▄█▄▀▀▄ █  ▄ ▄█▄▀█▀ ▀██▀▀▀▄█▀▄██ ▀▀▄▀  ██\n█▄ ▀█▀▄▄   ▄ ▀▄▀██▀▄ ▄█▀█▄ ▄▀█▀▀ ▀█▄█ ████▄▄█▀█\n█ █ ▀█▀▄██▀▄▄█ ▀███▀██▄▄  █ █▀██▀▀ ▄▄▄▀▀    ▀██\n█▄█▄█▄▄▄▀▄ █▀▄▀▀▀▄ ▄▀▄█▀▀▀▀██▀ ▀▄█▀█▀ ▄▀█▄▄█ ▀█\n██▀▀▀ █▄  █▀▀█▄ ▄█▄▄█▄▄▄▀▀█▀█▄▄  ▀▄▄▄▄▄█▀▀▀▀███\n█▄██▄▄█▄▄▀█▀▀▀▄▀██▀▄▀ ▄▄▄  ▄▀▀   █▄▄█ ▄▄▄ ▄ █ █\n█ ▄▄▄▄▄ █▄▀█   ▄█▄██▄ █▄█ █ ▀▀▀▀█▄▀ █ █▄█ ▀ ▄██\n█ █   █ █ ▀▄█ ▀▀▀▄▀▄▀▄▄▄ ▄ █▀▀   ▀█▄▀▄▄▄  ██▀██\n█ █▄▄▄█ █  █ ▄▄▄▄█   █▀▀██▀█ ▄▄ ▄███ ▄▄▄▀▀  █▄█\n█▄▄▄▄▄▄▄█▄▄█▄███▄█▄▄▄█▄▄▄▄████▄▄▄██▄█▄▄▄▄█▄█▄██\n","service":"user-service","session":"bot","type":"client"}
{"level":"info","message":"WhatsApp WEB version: 2.2138.13","service":"user-service","session":"bot","type":"client"}
{"level":"info","message":"Session Unpaired","service":"user-service","session":"bot","type":"session"}
{"level":"info","message":"Auto close configured to 60s","service":"user-service","session":"bot","type":"client"}
{"level":"info","message":"Initializing browser...","service":"user-service","session":"bot","type":"browser"}
{"level":"info","message":"Initializing...","service":"user-service","session":"bot","type":"client"}
{"level":"info","message":"WhatsApp WEB version: 2.2144.11","service":"user-service","session":"bot","type":"client"}
{"level":"info","message":"Auto close configured to 60s","service":"user-service","session":"bot","type":"client"}
{"level":"info","message":"Auto close configured to 60s","service":"user-service","session":"bot","type":"client"}
{"level":"info","message":"Initializing browser...","service":"user-service","session":"bot","type":"browser"}
{"level":"info","message":"Initializing...","service":"user-service","session":"bot","type":"client"}
{"level":"info","message":"Auto close configured to 60s","service":"user-service","session":"bot","type":"client"}
{"code":"1@0WQOfaHgBeJbw7um54sqkFh3dcbygK/SSF4GHat9HHTPcWvpfpkovHK6fyHpYmuXoxl7oaeEkFqvXQ==,OTUCWsIFsk87Mpk1HVk1OvOpMSlKOB1xfsuDDtFfsjg=,ZyLB9C37fPHuUlDqYKf27A==","level":"info","message":"Waiting for QRCode Scan (Attempt 1)...:\n▄▄▄▄▄▄▄▄▄▄▄▄▄▄▄▄▄▄▄▄▄▄▄▄▄▄▄▄▄▄▄▄▄▄▄▄▄▄▄▄▄▄▄▄▄▄▄\n█ ▄▄▄▄▄ █▀▄▄  ▀ █▀ ▀▀▀█▄ ▀ ▀▀█ ▄█▄▄█▀▄█ ▄▄▄▄▄ █\n█ █   █ █▀▀█▀███  ▀▀▀▀ ▀▀▀ ██▄█  ▄▄█ ▀█ █   █ █\n█ █▄▄▄█ █▀█ ▄  ▄▀█▀▀█ ▄▄▄ ▄█▀▄▄   █▄▄▄█ █▄▄▄█ █\n█▄▄▄▄▄▄▄█▄▀ ▀ █ ▀ ▀▄▀ █▄█ ▀▄▀ █▄█ █▄▀▄█▄▄▄▄▄▄▄█\n█   ▄▄█▄   ██▄▀▀▄█▄▄▄  ▄ ▄██▀█   ▀▀█▄▀ █ ▀ █ ██\n█▄▄██ █▄▀▀ ██▀ ▀▀▀▄▄▄▄▄█▀▄ ▄▄ ▀███▀▄ ▄█▄▄▀▄ ▄██\n███ ▀█▀▄  ██ ▄▄▀█▄ ▄▄▄▄  ▄▀█▀▀  ▄▀▄█▀  ▄█▀ ▀▀▀█\n█▀▀  ██▄  █▀▀▀█▀█ ▄▄▀█▄█ ▄█▀▀█  ▄▀▄▄ ▀▀█▀█ ▀▀██\n█  ▄▀▄█▄█▀ ██▄▀▀██  █▀██▄▄ ██▀ ▀▄█▄█▀▀ ██▀ ▄▀▀█\n██ █ ▄█▄ ▀▄▄█▄  ▀█▀▀▀█▄▄▄▄▀█▀▀█  ▀▀   █▀██▄ ███\n█▀▄▀  ▄▄▄ ▄▄▄▄▄▀▄▄▄ ▄ ▄▄▄ ▀█▀█ ▀ ▀▀▄  ▄▄▄ █▀▀██\n██  ▀ █▄█ ▀▀▄█ ▀ ▀█ ▀ █▄█ ▄  ▄██▄ ▀▄█ █▄█   ▄██\n██▀█ ▄▄▄▄▄▄▄▄ ▄██▄▄ █ ▄ ▄▄▀█▀█▄▀ ▀█▄█  ▄▄▄▀▄█▄█\n█▀ ▄▀▄ ▄█   ▄ ▀█▄██▀▀▀    ▀██▀▀███▀▄ █▄█▀▄▀  ██\n█ █▀▀▄▀▄ ▄   ▀▄▀██ ▄▀▄█▀▄▀▀███▀  ███▀██ ▄▄▀▄▀██\n███▄▀ ▄▄█▄█▄▀▀▀████▀▀█ █▀▀█▀▄▀▀▄▀▀ █▀▀▄▀ ▀ ▀▄▀█\n███▄██ ▄█▀▀ ▀▄▀▀▄█ ▄▀ ▀▀▄▀▀█ ▀ ▀████▀▀▄▀▄█▀█ ▀█\n██▀▀▀ █▄███▀▀█ █▄▀█ ▀ ▄▄▀▀ ██▀▄▄▀    ▀ ▀██ ▀███\n█▄██▄▄█▄▄ ▄▀▀ ▄██▄  ▄ ▄▄▄ ▀▄ ▀ ▀▀▀▄█▀ ▄▄▄   ▀ █\n█ ▄▄▄▄▄ █▄▀█▄█ ▄█▀  ▀ █▄█ ▀▄ ██ █ ▀▀  █▄█ ▀▀ ██\n█ █   █ █  ██ ▀▀▄▄  █▄▄▄▄ ▀██▀ ▀▄▀█▄█▄▄▄ ▄▀▀▀██\n█ █▄▄▄█ █ █▀ ▄ ███▀▀▄  ▀▀▄ █ █ ▄▄▀▄█ ▄▀▄██▀ █▄█\n█▄▄▄▄▄▄▄█▄▄▄██▄█▄▄▄▄▄██▄▄▄█▄██▄█▄█▄▄█▄▄▄▄█▄▄▄██\n","service":"user-service","session":"bot","type":"client"}
{"level":"info","message":"WhatsApp WEB version: 2.2144.11","service":"user-service","session":"bot","type":"client"}
{"level":"info","message":"Session Unpaired","service":"user-service","session":"bot","type":"session"}
{"code":"1@2whDNABVzrFrmLDwFaqvJ7g7UopxWQqk9w8jEoIlPKymoyX/fxaiUqwTn4B5dbCdPy9AfcVgJFdlZQ==,OTUCWsIFsk87Mpk1HVk1OvOpMSlKOB1xfsuDDtFfsjg=,ZyLB9C37fPHuUlDqYKf27A==","level":"info","message":"Waiting for QRCode Scan (Attempt 2)...:\n▄▄▄▄▄▄▄▄▄▄▄▄▄▄▄▄▄▄▄▄▄▄▄▄▄▄▄▄▄▄▄▄▄▄▄▄▄▄▄▄▄▄▄▄▄▄▄\n█ ▄▄▄▄▄ █ ▀▄ █ █ ▀ ▀▄▄ ▄█▀▀    ▄  ▀█▀▄█ ▄▄▄▄▄ █\n█ █   █ █ ▄▀   █▄█▄█▀█ ▄ ▀ ██▀ █ ▄▄█ ▀█ █   █ █\n█ █▄▄▄█ █▀█▀▄█▄ ▀█▀▀▀ ▄▄▄ ▀ ▄▄▄ ██ ▄▄▄█ █▄▄▄█ █\n█▄▄▄▄▄▄▄█▄█ █▄█ ▀▄█ ▀ █▄█ █ ▀▄▀ ▀ █ █ █▄▄▄▄▄▄▄█\n█  ▀▀  ▄▀▀  ██▄▄▀█▄▄█    ▄█  █▀ █▄▀▄▀ █▀▄▀ ▄▄▄█\n█▄ ▄ ▄ ▄██▀ █▄▀█▀▄▀ ▄▄█▀▄▀▀▄█▄█▀▄▄ ▀█▄▄▄▄█▀█▄▀█\n█ ▄ ▄▀▀▄▀▄  █▀▀▄ ▄▀▄▀▀▀   ▄ ▄▀  ▀▄▀█▀ █▀ ▀ ▀▄▄█\n█▀▀█▀██▄▄▄█ ▀▄█▀  ▀▀ ▄▄ ██▀▀▀ ██▄▀ ▀█▄███▄█▄▀██\n██▄ █ ▀▄ ▄▄█ ▀▄▄ █  ▀  ███▄ ▄▀ ▀█  █ ▀▄▀▄▀▀█▄▄█\n█▄▄ ██ ▄ ▀ ▀▀▄▄▀▀ ▀█▀█▄▀▀▀ █ █▀█ ▀▀█▄██▀█ ▀████\n█   ▀ ▄▄▄ ▀▀▀█▀▄ █▄ ▀ ▄▄▄ ▄ ▄█ ▀█▄▄▄  ▄▄▄ ██▄ █\n█▄  ▄ █▄█  ▄ ▄ ▀▄  █▀ █▄█ ▄▄ █ ▄ ▄▀▀  █▄█ ▄█▄▀█\n█▀█ █▄ ▄ ▄ ▄▄ ▀  ▄▄ █▄  ▄▄▄ ▄█  █▄ ██ ▄  ▄▀▄ ▀█\n█ ▄█▄ ▄▄█ ▄ ▀█▀▀▄  ▀█  ██▄▀█▄██ ▄█▀▀▀▀▄█▀▀▄█ ██\n██▄▀▀█ ▄█▄▀▀▀▀█ ▀▄▀▄▄▀ ▀ █▄  █▀ █  ██▄▀▄ █▀ ▄ █\n█ ██ ██▄▄▄ ▀▄▄▀█▀▀ ▄▀█ ▀▄▄█▀▄▄ █▀▀▄ █▄ ▀ ▀▄█▄██\n█ ▀▀ ▀▀▄▀  ▄▀▄▄▄▀█ ▄ █▄▀▄▀█▀▀▀  ▄▄▀▄▀▀▀▄▀█▀▄███\n██▀▀▀ █▄▀▄██▄ ▄▀▄▄███▄▄▀▄▄ ▄█▄   ▀ ▄▀▀ ▀█ █▄███\n█▄██▄▄█▄█ █▀▀ ▀▄▀█▄▄▀ ▄▄▄ ▄▀█▀ ▀▄▄▀█▀ ▄▄▄  ▄ ██\n█ ▄▄▄▄▄ █▀ ▄   ▄ ▀██▀ █▄█ █ ▄▄ ▀█ ▀▄▄ █▄█ ▄▄▄██\n█ █   █ █▄ ██ ▄▄▀▄     ▄  █  █▄▀█▄█▄▄▄  ▄▄▀ █ █\n█ █▄▄▄█ █▀ ██▀ ▀█ ▀█▄   █ ▀▄ ▀█ ▄▀█▀█▀▀▄█ ▄██▄█\n█▄▄▄▄▄▄▄█▄███▄█▄█▄▄▄█▄▄█▄▄▄█▄█▄██▄█▄█▄▄███▄▄█▄█\n","service":"user-service","session":"bot","type":"client"}
{"code":"1@zwkRblIliozDDrl3sOBA2z9Cm0jdFJ/yDGuSFf5aBkTtGGyBQJ7xkUiO6l0rxC0YieG/4jEepbZrFA==,OTUCWsIFsk87Mpk1HVk1OvOpMSlKOB1xfsuDDtFfsjg=,ZyLB9C37fPHuUlDqYKf27A==","level":"info","message":"Waiting for QRCode Scan (Attempt 3)...:\n▄▄▄▄▄▄▄▄▄▄▄▄▄▄▄▄▄▄▄▄▄▄▄▄▄▄▄▄▄▄▄▄▄▄▄▄▄▄▄▄▄▄▄▄▄▄▄\n█ ▄▄▄▄▄ █ █▄▀▄▄▀ ▀ █▄▄ ▄▀ ▄▄▀▄▄▄ █▀█▀▄█ ▄▄▄▄▄ █\n█ █   █ █ ▀ █▀▄▄ ▀▀▄██ ▄▀▀ ██▀ █ ▄▄█ ▀█ █   █ █\n█ █▄▄▄█ █▀▄█ ▄▄▀ █ ▀▀ ▄▄▄ ▀ ▄▄▄ ██ ▄▄▄█ █▄▄▄█ █\n█▄▄▄▄▄▄▄█▄█ █▄█ █ █ ▀ █▄█ ▀▄▀▄█▄█ ▀ █ █▄▄▄▄▄▄▄█\n█▄▄▀▀ ▄▄▀▀██▄▄▄▄▀█▄▄ ▄▄▄ ▄█ ▄▀▀ ▀  ▄ ▀█▀ █ ▄▄▄█\n█▄█▀▄█ ▄ ▄ ▀▄▀  ▀▄▀▀▄▄▄▀▄▀▀▄█▄▄▀██  ▀▄█▄▄█▀█▄▀█\n█▄ ▀▄ ▀▄█▄▄ ▄▄▄▄▀▄▄▄▀▀ ▀ ▄▄ ▄▀  ▀▄▀█▀ █▀ ▀ ▀▄██\n█▄███▀ ▄██▀ █ █▀▀▄▀▀▀▄▄ █▀██▀ ██ ▀▄██▄▀▀▀▄█▄▀██\n█▄ ▀ ▄█▄▀▀█ ▄ ▄▄ █  █ ▄█▄▄█  ▀▀▀▄  ▄▄▀█▀▄█▀█▄▄█\n█▄▀ ▀ █▄▀▀ █▄▄▄█▀ ▀▄▀██ ▀▀▀█ ▄ █   ▄▄▀▄ █▀▀█▄██\n█ █▄  ▄▄▄ █ █▀▀▄▀▄▀▄▀ ▄▄▄ ▄ ▄█ ▀█▄▄▄  ▄▄▄ ██  █\n█ ▀▄  █▄█ ▄█▄▀ ▀▀▄ █▀ █▄█ ▄▄▄▀  ▄ ▀▀  █▄█ █▄▄▀█\n██▄█ ▄ ▄  ▄ ▄ ▀  ▄▄ ▀▄▄▄▄▄▄▀ ██▀█▄▀▄█ ▄  ▄ ▄▀ █\n█▄ █▀█ ▄▄▀██▀██ ▄  █▀▄ █▄█▀▄█▄▄ ██  █▀▄█▀▀▄█ ██\n██▄▀▄  ▄▀▀█▀  ▀  █ ▄█▀ ▀ ▀▄  █▀ █  █▀  █▀▄█   █\n██   ▄▀▄▀██  ▄▀█   ▄▀█ █▄▄█▀▄▄▄▀██  ▄▄▄█▀▄▄▄▄▀█\n█▀▄█▀▀ ▄▀▄█▀▀▄▄▄▀█ ▄▄▄▀▀▄▀█▀ ▀ ▀█ ▄█▀▀▀▄▀█▀█▄▄█\n██▀▀▀ █▄▄█▀█▄  █▄▄ ▀██▄▀▄█ ██▄▀ ▀ ▀██  ▀█ █▄███\n█▄██▄▄█▄▄▀ ▀▀▀▀▄▄▄ ▄▀ ▄▄▄ ▄▀█▀ ▀▄▄▀██ ▄▄▄ ▄ ▄██\n█ ▄▄▄▄▄ █▀▄▄ █ ▄▀▀██▀ █▄█ ▀▄   ▀▀ ▀ ▄ █▄█ ▄▄▄▀█\n█ █   █ █▄▄██ ▄▄▀▄     ▄▄ ▄ ▄█   ▄▀▄█▄▄ ▄▄▀▀▄▀█\n█ █▄▄▄█ █▀ ▀█▀ ██  ▄  ▄ █▀ ▄▀ ▄▀█ █▀█▀▀█▀ ▄██▄█\n█▄▄▄▄▄▄▄█▄▄█▄██▄██▄▄█▄▄▄▄▄▄█▄█▄██▄█▄█▄▄▄▄▄▄▄█▄█\n","service":"user-service","session":"bot","type":"client"}
{"code":"1@gMRRodJOei1VPpWhKX2VnkFb/a8HwCo5GhP23qnXpyPWbF/+szG2yzO7jBbPWHVIKk+VUgcFbky89Q==,OTUCWsIFsk87Mpk1HVk1OvOpMSlKOB1xfsuDDtFfsjg=,ZyLB9C37fPHuUlDqYKf27A==","level":"info","message":"Waiting for QRCode Scan (Attempt 4)...:\n▄▄▄▄▄▄▄▄▄▄▄▄▄▄▄▄▄▄▄▄▄▄▄▄▄▄▄▄▄▄▄▄▄▄▄▄▄▄▄▄▄▄▄▄▄▄▄\n█ ▄▄▄▄▄ █▀▀▄▀▀█ █▀ ▀▀▀█▄█▀▄▀▀█▄ █▀▄█▀▄█ ▄▄▄▄▄ █\n█ █   █ █▀▄▀█  ▄   ▀▀▀ ▀ █ ██▄█  ▄▄█ ▀█ █   █ █\n█ █▄▄▄█ █▀ ▀▄▀ █▄▀▀▀█ ▄▄▄ ▄█▀▄▄   █▄▄▄█ █▄▄▄█ █\n█▄▄▄▄▄▄▄█▄█ ▀ █ ▀ ▀▄▀ █▄█ ▀ █ █▄▀ ▀ ▀▄█▄▄▄▄▄▄▄█\n█▄▄ ▄ █▄▄▄█▀█ ▀▀▄█▄▄     ▄▀▄█▀▀ ▀██▄▀  █▄█ █▄██\n█▀██ ▄ ▄▄ ▀▄██▄▀▀▀██▄▄█▄▀▄ █▄▀ ███▀██▄█▄█▀▄  ▀█\n█▀▀ ▄▀█▄▄▄▀▄▄  █▄▄▄ ▄▄█ ▄▄▀█▀▀  ▄▀▄█▀  ▄█▀ █ ▀█\n█▄▄▀▄▀▀▄▀▀█▀█ █▀▀ ▄▄▀█▄██▄█▀█▀  ▄▀   ▀█▀▀▀  ▀██\n██▀▀  ▀▄█▄█▄▄▀▀▀██  █ ▀█▄▄▀█ ▀ ▀ ▀ █▀▀▄██▀ ▄█▀█\n█▀ ▀ ▄▀▄▄ ▀███ █▀██▄▀██▄▄▄ ▄ ▀█   ▀  ▀▄ █▄▄ ▄██\n█▄▄▀▀ ▄▄▄  ▀ ▀▄▀▄█▄▄▄ ▄▄▄ ▀█▀█ ▀ ▀▀▄  ▄▄▄ █▀▀██\n█ ██  █▄█ ▄▄ ▀ ▀▀▀█ ▀ █▄█ ▄▄▄ █▀▄ ▀▄█ █▄█ ▀▀ ██\n█▀▄▀█ ▄▄  ▀▄▄ ▄██▄▄   ▄ ▄▄▀█ █ ▀█▀▄▄█  ▄▄▄ ▄█▄█\n█  ▀▀▄▀▄    ▄  ▀▄██▄█▄  ▀  ▄▄▀▀███▀█▄█▄█▀▄▀  ██\n█ ▄▄  ▀▄█▄▄█ ▀▄▀▄█   ▄█▀█▀▀███▀  ████ ▀█▄██ ▀▀█\n█▄█▀█▄ ▄▄ ▀▄▄█▀█▄▄█▀▀█  ▀▀█▀▄█▀▄█▀▄█▀▀ █  ▀▀███\n█ ▀██ ▀▄▄▀▄█▀▄▀▀▄█ ▄▀ ▀█▄▀ █▀█▄▀▄▀▄▄▀▀▄▀▄█▀█▀ █\n██▀▀▀ █▄ ▄▄█▀█▀▀▄▀█ ▀█▄▄▀▀ █▄ ▄█ ▀   █ ▀██ ▀███\n█▄██▄▄█▄█ ▄▀▀▀▄███  █ ▄▄▄ ▀▄ ▀ ▀▀▀▄██ ▄▄▄  ▄▀ █\n█ ▄▄▄▄▄ █▄ ██▀ ▄ ▀  ▀ █▄█ █▄ ▀▀ █▄█▀█ █▄█  ▀▀██\n█ █   █ █ █ █ ▀▀▄▄  █▄▄▄ ▄▀██▀   ▀▄▄█▄ ▄ ▄▀▀▀▄█\n█ █▄▄▄█ █ ▄█ ▄▄▀██ ▄  ▄█ ▄ █▀█▀▄█ ▄▄ ▄▀▄▀█▀ █▄█\n█▄▄▄▄▄▄▄█▄▄███▄█▄█▄▄███▄▄▄█▄██▄█▄█▄▄█▄▄███▄▄▄██\n","service":"user-service","session":"bot","type":"client"}
{"level":"info","message":"Closing the page","service":"user-service","session":"bot","type":"client"}
{"level":"info","message":"Session Unpaired","service":"user-service","session":"bot","type":"session"}
{"level":"warn","message":"Failed to authenticate","service":"user-service","session":"bot","type":"client"}
{"level":"error","message":"Auto Close Called","service":"user-service","session":"bot","type":"client"}
{"level":"info","message":"Initializing browser...","service":"user-service","session":"bot","type":"browser"}
{"level":"info","message":"Initializing...","service":"user-service","session":"bot","type":"client"}
{"level":"info","message":"Auto close configured to 60s","service":"user-service","session":"bot","type":"client"}
{"code":"1@fL1xWxpvQb4mOZ2CK7+qcGtNV9u7bg8MSAoshXS11a2ozcmm+w3n0lasDYx2Kp3/x3BD7yL0tRzkOA==,96H7ymCUo5Hha9nAznSIAH/5x0G+OOQuXm7GiDPcCQg=,4s3nf2C/cjVLCnk8DWWYqA==","level":"info","message":"Waiting for QRCode Scan (Attempt 1)...:\n▄▄▄▄▄▄▄▄▄▄▄▄▄▄▄▄▄▄▄▄▄▄▄▄▄▄▄▄▄▄▄▄▄▄▄▄▄▄▄▄▄▄▄▄▄▄▄\n█ ▄▄▄▄▄ █▄ ▄ ▄▀ ▀ ▄▀▄▄▀█ ▀█ ▄  ▄█  █▀▄█ ▄▄▄▄▄ █\n█ █   █ ██▄  ▄  █  ▀ █▄▄ ▄▀██▀  █ ▄█ ▀█ █   █ █\n█ █▄▄▄█ ███ █ ▀▄▀█▄▄▄ ▄▄▄ ▄▄▀██▄ ▀▀▄▄▄█ █▄▄▄█ █\n█▄▄▄▄▄▄▄█ ▀ ▀ █▄█▄▀▄█ █▄█ ▀ ▀▄▀ █▄█ █ █▄▄▄▄▄▄▄█\n█  █▄ ▀▄█▀▀█ ▄▀▀▀ ▄▄▄  ▄ ▄█ █  ▀▀▀█▀▀ ▀ ▀▀▀██ █\n█  █▄▄▄▄  ▄▄█ ▄▄ ▀▀ ▀▄█▀▄▄ █▄▄ ██▀█▄▀▀▀▀▄█▀ ▄ █\n█▄  █▄▄▄▀▀▀ ▄▄▄▄██▀  ▀ ▀█▄█▀█▄▄   ▀▄ ▀█ ▀▄▀██▄█\n██▀  ▀ ▄██▄▀▀   ▄▄▀▄  ▄  ▄▄ ▄█▄▀ ▄ ▀█▄▄▀ ▀█  ▀█\n█ ▀██▄▀▄█ █▀▀█   ▀▀▄▀ █▄ ▄▄▄▀█▄▀█ █ ▄ ███████ █\n██▀  ▀█▄███ ███▄▄  ▀▀▀▀█▀ ▀█ ▄▄▀▀  ▀▄▀▀▀▀ █ ▀ █\n█ ███ ▄▄▄ ▀▄▄ ▀█▀▀ ▄  ▄▄▄ ▀▀▀ ▀ ▀▀ ▀▀ ▄▄▄ █▀▄▀█\n███▀▀ █▄█  ▄▄ ▀▄▀▄ █▄ █▄█ █▄▀█▄ ▀▄▄█▀ █▄█ █   █\n█ ▄█▄ ▄▄ ▄▀ █ ▀ ██▀ ▄▄  ▄ █ ▀ █▀▀▄▀█▄ ▄▄ ▄▀█▀▀█\n██▀▄▀ █▄██▄▀▄   ███▀▄▀█ ▀▀  ▀█ ▀█ █▀ ▀▀▀▀▀█ ▀▀█\n█▄▄▀▀▀▄▄▄▄▄ █▀▄▄▄ ▄▄▀ ▀█ █▀▄▀▀▀▀ ▄▀▀▄ ▄▄▀ ▀██▄█\n██ █ ▄ ▄▄▀█ ▄▀▄ ███▄▄▄▀ ▀ ▀ ▄ ▄█ ▀███▄▀▄▄▄  █▄█\n█▄ ▄▀▀█▄▀ ▄▀▀▄ █ ▀▄ ▀  ▄▄▀█▀▀ ▀ █▀▀ ██▀▀█▀▄▄ ▄█\n██▀▀▀ █▄▄ ▄█▄█▄█ ▄ ▄▀  ██▀▄█ ▀ ▄▄▄▄▄ █▄ ▄█▀ █▄█\n█▄██▄▄█▄▄▀▄▀▀ ▄▄███ ▀ ▄▄▄ ▄ ▀ ▀▀█▄ █  ▄▄▄ ▀▀ ██\n█ ▄▄▄▄▄ ███▀▀ ▀ ▄ ▄▀▀ █▄█ ▄ █▀▀▄ █▄▀  █▄█  ▀███\n█ █   █ █ █▀  ▀   ▀ ▀ ▄ ▄▄▀█▀██   ▀ █▄   ▄█▀▀██\n█ █▄▄▄█ █▀  ▀▄  ██ █ ▄███▀ ▀▄▄▀▄█    ▄█ █▄ ▀ ▀█\n█▄▄▄▄▄▄▄█▄▄▄▄█████▄▄████▄▄█▄█▄▄███▄█▄█▄█▄██▄███\n","service":"user-service","session":"bot","type":"client"}
{"level":"info","message":"WhatsApp WEB version: 2.2144.11","service":"user-service","session":"bot","type":"client"}
{"level":"info","message":"Session Unpaired","service":"user-service","session":"bot","type":"session"}
{"level":"info","message":"Auto close configured to 60s","service":"user-service","session":"bot","type":"client"}
{"level":"info","message":"Initializing browser...","service":"user-service","session":"bot","type":"browser"}
{"level":"info","message":"Initializing...","service":"user-service","session":"bot","type":"client"}
{"level":"info","message":"Initializing browser...","service":"user-service","session":"bot","type":"browser"}
{"level":"info","message":"Initializing...","service":"user-service","session":"bot","type":"client"}
{"level":"info","message":"Auto close configured to 60s","service":"user-service","session":"bot","type":"client"}
{"code":"1@lDJQeve7EUC0kiKjO9QBQYGI5QhlioSsekBIzLseLPygBdLly0UHAo1O+TZ2seWOUbvO2semb+emfQ==,ApwBeFyg4cNX87vtBr1wPH09OFJ/9cDZjBZn8yy4Ki0=,1IdqgIf79pYDURIko+/Xlg==","level":"info","message":"Waiting for QRCode Scan (Attempt 1)...:\n▄▄▄▄▄▄▄▄▄▄▄▄▄▄▄▄▄▄▄▄▄▄▄▄▄▄▄▄▄▄▄▄▄▄▄▄▄▄▄▄▄▄▄▄▄▄▄\n█ ▄▄▄▄▄ █▀▄▀▀ ▀▄▄▀ ██▀█▄▀▀ ▀▄▀▄▄█▀ █▀▄█ ▄▄▄▄▄ █\n█ █   █ █▀▄███▀▄▄ ▄▀▄█ ▀▀▄█ ██▀▀▄▄ █ ▀█ █   █ █\n█ █▄▄▄█ █▀█  ▀▀▀▀▀▀▀▄ ▄▄▄ ▄▀ ▄▄ ███▄▄▄█ █▄▄▄█ █\n█▄▄▄▄▄▄▄█▄█▄█ ▀ ▀▄▀▄▀ █▄█ █▄▀▄▀▄█ █ █▄█▄▄▄▄▄▄▄█\n█▄▄   ▀▄ ▄▄ ▄▄ █ ▄▀▄█▄▄  ▄ ▄▀▀▀  █▀▄▀  █▄█ █▄██\n█▄▄█▀██▄▀██ ▀█  █ ▀█▀▄▄██ ▀  ▄▀█▀▀█▄██ █▀█▄ ▄██\n█ ▄███▄▄█▄▀▀▀█▀▀▄▄  ▄▀█ █ █▄▀▀ ▀███▄▄▀▀▄██ ▀  █\n████ █▄▄█ ▀ █▄█▄██▀▀▄▄ █▄  ▄▄ █▄▀▄▀ █▄ ▄▀█▀ ▀██\n█▄█▄▄█ ▄ █▄▄ ▀▄▀▄▄ ▄  ▀  ▄ ███   ███▀▀ ██▀▀▄█▀█\n███▀   ▄█▄▀ ▀██▀▀ ▄ ▀█▀█▀ █▀  ▀▀▄███▄██▀▀▀▄ ▄██\n█▄▄▄▀ ▄▄▄  █   ▀██    ▄▄▄ ▀█▀▀▀▀▄█▄▄▄ ▄▄▄ ██▀██\n█▄ ██ █▄█ ▄ ▀█▄▄█ █ ▄ █▄█    ▄▀▄▀▀▀▄▄ █▄█ ▀▀▄▀█\n█ █▄█ ▄▄▄ ▀▀▄ ▄▀▄▄  ▀ ▄ ▄▄▀█▀▀ ▀▀███▀▄ ▄▄▄ ▄▄██\n█▀▄  ▄▄▄█  █▄ ▀▀▀▀███▄▄█▀▀▄▀▄█▄▄▀▄▄█▄▄▄▀ ▄▀  ██\n██▀▀ █▀▄▀▀█▄▀▀▄▀▄█▀▄▀▀▀██▀ █▀██▀ ▀▄██▀▀▀▀▄█ █▀█\n█▄ ▄▄ ▀▄▄  █▄█ ▀█▄▀▀█▄ █▀▀▄▄▀██▀▄█ █▄▄▀▀██   ██\n███▄███▄  ▄█▀▄▀▀▄█▄ █▀██▄█▀██▀ ▀ ▀▄▄▀▀ ▀▄██▀  █\n██▀▀▀ █▄▄ ▄▄▀█ █ ▄█▄██▄▄▀ ▄  ▄ █ ▀▀█▀▄▀▀█▄  ███\n█▄██▄▄█▄▄▀█▀█▀▄▀██ ▄  ▄▄▄ ▄██▀▄▀ █▄▄▀ ▄▄▄  ▀█ █\n█ ▄▄▄▄▄ █▄█ █▀ ▄██▄   █▄█ ▄  ▀▄▀██▀▄▄ █▄█    ██\n█ █   █ █ ▀ █ ▀▀██  █▄▄▄ ▄ ███ ▀ ███▄▄▄▄  ▄▀ ██\n█ █▄▄▄█ █ ▄  ▄ ▄██▀▄▄█▄▄▄ ▀▄▀▀██▀ ▀█▄ ▀█▀▀▀ █▄█\n█▄▄▄▄▄▄▄█▄████▄█▄▄▄▄▄███▄▄████▄▄██▄▄▄▄█▄██▄█▄██\n","service":"user-service","session":"bot","type":"client"}
{"level":"info","message":"WhatsApp WEB version: 2.2144.11","service":"user-service","session":"bot","type":"client"}
{"level":"info","message":"Session Unpaired","service":"user-service","session":"bot","type":"session"}
{"level":"info","message":"Initializing browser...","service":"user-service","session":"bot","type":"browser"}
{"level":"info","message":"Initializing...","service":"user-service","session":"bot","type":"client"}
{"level":"info","message":"Auto close configured to 60s","service":"user-service","session":"bot","type":"client"}
{"code":"1@h2UCRNLS4ImgZ+6ucAFwzwMNTdnwOue4qbIBiFJMvhT87LaHZeGrtANrvtgHRoRFYJ0ohPvyzLhmig==,kILmto+Dtz+C4JCfcdIEZl3rygsifxY3nr8Uu7jv20g=,Enxv4x4hh/4W/UM95VkZmg==","level":"info","message":"Waiting for QRCode Scan (Attempt 1)...:\n▄▄▄▄▄▄▄▄▄▄▄▄▄▄▄▄▄▄▄▄▄▄▄▄▄▄▄▄▄▄▄▄▄▄▄▄▄▄▄▄▄▄▄▄▄▄▄\n█ ▄▄▄▄▄ █▀ ▄█ █▄▀▀█▀▄██▄▀ ▄█▄▄ ▄▀  █▀▄█ ▄▄▄▄▄ █\n█ █   █ █▀██▄▄▀██▀▀▀ ▀ ▀▄ █▄▀▄█▄ ▄▄█ ▀█ █   █ █\n█ █▄▄▄█ █▀▄  ▄█  ▀▄█▄ ▄▄▄  █ ▄ ▄▄▄ ▄▄▄█ █▄▄▄█ █\n█▄▄▄▄▄▄▄█▄█ █ ▀ ▀ █ █ █▄█ █ ▀▄▀ █ ▀▄▀ █▄▄▄▄▄▄▄█\n█▄ ▄▄▄▀▄  █▀█  ███▄▄     ▄▀▄██ ▀▄██▄▀▀ █ █ █ ▀█\n█▀▀▀▀▀█▄▀ ▀ ▄   ██▄▄▄▄▄█▀▄▀█▄ █▄ ▀ ▀  ▀▀▀▀▄ ███\n█▄▄█▄█ ▄▄▀  ▀ ▄▀▄█ ▄█▀█▀▄▄ █▀▀  ██▄▄▄▀▄▄▀█▄▀▀ █\n█▄ ▀▄  ▄ █▄▀█▄█ ▀▀█▀▀█▄█▄   ▀ ▀█▄  █▄▀█ █▀▀▀▀▀█\n███ ▀▄█▄██▄▄██▄▀▀▄█▄▄█ ▀▄█ █▀▀ ▀▄███ ▀ █▄▀ ▄▄▀█\n██ ▀▄ ▀▄▄▀█ ▄██▄▀▀▄  ▄▄▄▄  ▄ ▀ ▀▄▀ █▀▀█ ▄▀▄ ▄██\n█▄██  ▄▄▄ ▀ ▄▄ ███▄▄█ ▄▄▄ ▄██▀ ▀▄▀█▄█ ▄▄▄ ▀▀█▀█\n█▀ ▀▀ █▄█ ██▄▄ ▄▄▄ █▄ █▄█  ▄ █ ▀▀▄▄▄▄ █▄█    ██\n█ ▄▀█  ▄  ▀▀▄ ▄▀▀▄▀▄█   ▄ ▀▄██  ▄▀▄▄    ▄▄▀▄█▄█\n██▄▀▄ ▀▄▀▀▄█▄ ███▀ ▄█▀██▀ ▀▄▄ █▀ ▄█▄ ▀▄██▀▀  ██\n█  ▀▀█▀▄█▀ █▀▀ ▀▄█▄ ▀▄▀▀ ▀ ▄▄█ ▀ █▄▄▀▀ ▄███▀█▀█\n█▀█ ▄▄▄▄▀ ██▀▄ ▀ ▄▄ ▀▀██▄▀█  ▄▀▀▄█▄▄  ▄▀▄▀ ▀ ██\n█▀▀█▄▀█▄█  ▀▀▄▀▀▄█  ▀ ▀██▀▀█▀▀▄  ██▄▀ ▄█▄▄▄▄  █\n██▀▀▀ █▄█ ▄▀▀█▄▀███▀▀█▀ ▄▀▄▀▄█▄█▄▄▀▄   ▀▄▀ ▀███\n█▄██▄▄█▄█ █ ▀  ▀██  ▀ ▄▄▄ ▀▄▀█   ██▄█ ▄▄▄ █ █ █\n█ ▄▄▄▄▄ █▄█ ██ ▄█  ▄  █▄█  ▄  ▀▀█▄  ▄ █▄█ ▀▀▄██\n█ █   █ █  ██ ▀▀███▄█▄▄▄▄ ████▀  ▀▄▄ ▄ ▄ ▄█▄▀▄█\n█ █▄▄▄█ █ █  ▄▀▄█ █▄▀ █▄▀█ ▄▄▀ ▀▄██▄▄  ▄▀▀  █▄█\n█▄▄▄▄▄▄▄█▄█▄▄█▄█▄▄▄▄▄██▄█▄█▄████▄█▄█▄▄▄██▄█▄▄██\n","service":"user-service","session":"bot","type":"client"}
{"level":"info","message":"WhatsApp WEB version: 2.2144.11","service":"user-service","session":"bot","type":"client"}
{"level":"info","message":"Session Unpaired","service":"user-service","session":"bot","type":"session"}
{"level":"info","message":"Auto close configured to 60s","service":"user-service","session":"bot","type":"client"}
{"level":"info","message":"Initializing browser...","service":"user-service","session":"bot","type":"browser"}
{"level":"info","message":"Initializing browser...","service":"user-service","session":"bot","type":"browser"}
{"level":"info","message":"Initializing...","service":"user-service","session":"bot","type":"client"}
{"level":"info","message":"Auto close configured to 60s","service":"user-service","session":"bot","type":"client"}
{"level":"info","message":"Auto close configured to 60s","service":"user-service","session":"bot","type":"client"}
{"level":"info","message":"WhatsApp WEB version: 2.2144.11","service":"user-service","session":"bot","type":"client"}
{"level":"info","message":"Initializing browser...","service":"user-service","session":"bot","type":"browser"}
{"level":"info","message":"Initializing...","service":"user-service","session":"bot","type":"client"}
{"level":"info","message":"Auto close configured to 60s","service":"user-service","session":"bot","type":"client"}
{"level":"info","message":"Auto close configured to 60s","service":"user-service","session":"bot","type":"client"}
{"level":"info","message":"WhatsApp WEB version: 2.2144.11","service":"user-service","session":"bot","type":"client"}
{"level":"info","message":"Initializing browser...","service":"user-service","session":"bot","type":"browser"}
{"level":"info","message":"Initializing...","service":"user-service","session":"bot","type":"client"}
{"level":"info","message":"Auto close configured to 60s","service":"user-service","session":"bot","type":"client"}
{"level":"info","message":"Auto close configured to 60s","service":"user-service","session":"bot","type":"client"}
{"level":"info","message":"WhatsApp WEB version: 2.2144.11","service":"user-service","session":"bot","type":"client"}
{"level":"info","message":"Initializing browser...","service":"user-service","session":"bot","type":"browser"}
{"level":"info","message":"Initializing...","service":"user-service","session":"bot","type":"client"}
{"level":"info","message":"WhatsApp WEB version: 2.2144.11","service":"user-service","session":"bot","type":"client"}
{"level":"info","message":"Auto close configured to 60s","service":"user-service","session":"bot","type":"client"}
{"level":"info","message":"Auto close configured to 60s","service":"user-service","session":"bot","type":"client"}
